The system is: Darwin - 12.2.0 - i386
Compiling the C compiler identification source file "CMakeCCompilerId.c" succeeded.
Compiler: /usr/bin/cc 
Build flags: 
Id flags: 

The output was:
0


Compilation of the C compiler identification source "CMakeCCompilerId.c" produced "a.out"

The C compiler identification is Clang, found in "/Users/new/serpico/programs/fdflimmotion/build/CMakeFiles/2.8.10.2/CompilerIdC/a.out"

Compiling the CXX compiler identification source file "CMakeCXXCompilerId.cpp" succeeded.
Compiler: /usr/bin/c++ 
Build flags: 
Id flags: 

The output was:
0


Compilation of the CXX compiler identification source "CMakeCXXCompilerId.cpp" produced "a.out"

The CXX compiler identification is Clang, found in "/Users/new/serpico/programs/fdflimmotion/build/CMakeFiles/2.8.10.2/CompilerIdCXX/a.out"

Determining if the C compiler works passed with the following output:
Change Dir: /Users/new/serpico/programs/fdflimmotion/build/CMakeFiles/CMakeTmp

Run Build Command:/usr/bin/make "cmTryCompileExec3285589010/fast"
/usr/bin/make -f CMakeFiles/cmTryCompileExec3285589010.dir/build.make CMakeFiles/cmTryCompileExec3285589010.dir/build
"/Applications/CMake 2.8-10.app/Contents/bin/cmake" -E cmake_progress_report /Users/new/serpico/programs/fdflimmotion/build/CMakeFiles/CMakeTmp/CMakeFiles 1
Building C object CMakeFiles/cmTryCompileExec3285589010.dir/testCCompiler.c.o
/usr/bin/cc    -o CMakeFiles/cmTryCompileExec3285589010.dir/testCCompiler.c.o   -c /Users/new/serpico/programs/fdflimmotion/build/CMakeFiles/CMakeTmp/testCCompiler.c
Linking C executable cmTryCompileExec3285589010
"/Applications/CMake 2.8-10.app/Contents/bin/cmake" -E cmake_link_script CMakeFiles/cmTryCompileExec3285589010.dir/link.txt --verbose=1
/usr/bin/cc      -Wl,-search_paths_first -Wl,-headerpad_max_install_names   CMakeFiles/cmTryCompileExec3285589010.dir/testCCompiler.c.o  -o cmTryCompileExec3285589010  


Detecting C compiler ABI info compiled with the following output:
Change Dir: /Users/new/serpico/programs/fdflimmotion/build/CMakeFiles/CMakeTmp

Run Build Command:/usr/bin/make "cmTryCompileExec3627549572/fast"
/usr/bin/make -f CMakeFiles/cmTryCompileExec3627549572.dir/build.make CMakeFiles/cmTryCompileExec3627549572.dir/build
"/Applications/CMake 2.8-10.app/Contents/bin/cmake" -E cmake_progress_report /Users/new/serpico/programs/fdflimmotion/build/CMakeFiles/CMakeTmp/CMakeFiles 1
Building C object CMakeFiles/cmTryCompileExec3627549572.dir/CMakeCCompilerABI.c.o
/usr/bin/cc    -o CMakeFiles/cmTryCompileExec3627549572.dir/CMakeCCompilerABI.c.o   -c "/Applications/CMake 2.8-10.app/Contents/share/cmake-2.8/Modules/CMakeCCompilerABI.c"
Linking C executable cmTryCompileExec3627549572
"/Applications/CMake 2.8-10.app/Contents/bin/cmake" -E cmake_link_script CMakeFiles/cmTryCompileExec3627549572.dir/link.txt --verbose=1
/usr/bin/cc      -Wl,-search_paths_first -Wl,-headerpad_max_install_names -v CMakeFiles/cmTryCompileExec3627549572.dir/CMakeCCompilerABI.c.o  -o cmTryCompileExec3627549572   
Apple clang version 4.1 (tags/Apple/clang-421.11.66) (based on LLVM 3.1svn)
Target: x86_64-apple-darwin12.2.0
Thread model: posix
 "/usr/bin/ld" -demangle -dynamic -arch x86_64 -macosx_version_min 10.8.0 -o cmTryCompileExec3627549572 -search_paths_first -headerpad_max_install_names CMakeFiles/cmTryCompileExec3627549572.dir/CMakeCCompilerABI.c.o -lSystem /usr/bin/../lib/clang/4.1/lib/darwin/libclang_rt.osx.a


Parsed C implicit link information from above output:
  link line regex: [^( *|.*[/\])(ld|ld|collect2)[^/\]*( |$)]
  ignore line: [Change Dir: /Users/new/serpico/programs/fdflimmotion/build/CMakeFiles/CMakeTmp]
  ignore line: []
  ignore line: [Run Build Command:/usr/bin/make "cmTryCompileExec3627549572/fast"]
  ignore line: [/usr/bin/make -f CMakeFiles/cmTryCompileExec3627549572.dir/build.make CMakeFiles/cmTryCompileExec3627549572.dir/build]
  ignore line: ["/Applications/CMake 2.8-10.app/Contents/bin/cmake" -E cmake_progress_report /Users/new/serpico/programs/fdflimmotion/build/CMakeFiles/CMakeTmp/CMakeFiles 1]
  ignore line: [Building C object CMakeFiles/cmTryCompileExec3627549572.dir/CMakeCCompilerABI.c.o]
  ignore line: [/usr/bin/cc    -o CMakeFiles/cmTryCompileExec3627549572.dir/CMakeCCompilerABI.c.o   -c "/Applications/CMake 2.8-10.app/Contents/share/cmake-2.8/Modules/CMakeCCompilerABI.c"]
  ignore line: [Linking C executable cmTryCompileExec3627549572]
  ignore line: ["/Applications/CMake 2.8-10.app/Contents/bin/cmake" -E cmake_link_script CMakeFiles/cmTryCompileExec3627549572.dir/link.txt --verbose=1]
  ignore line: [/usr/bin/cc      -Wl,-search_paths_first -Wl,-headerpad_max_install_names -v CMakeFiles/cmTryCompileExec3627549572.dir/CMakeCCompilerABI.c.o  -o cmTryCompileExec3627549572   ]
  ignore line: [Apple clang version 4.1 (tags/Apple/clang-421.11.66) (based on LLVM 3.1svn)]
  ignore line: [Target: x86_64-apple-darwin12.2.0]
  ignore line: [Thread model: posix]
  link line: [ "/usr/bin/ld" -demangle -dynamic -arch x86_64 -macosx_version_min 10.8.0 -o cmTryCompileExec3627549572 -search_paths_first -headerpad_max_install_names CMakeFiles/cmTryCompileExec3627549572.dir/CMakeCCompilerABI.c.o -lSystem /usr/bin/../lib/clang/4.1/lib/darwin/libclang_rt.osx.a]
    arg [/usr/bin/ld] ==> ignore
    arg [-demangle] ==> ignore
    arg [-dynamic] ==> ignore
    arg [-arch] ==> ignore
    arg [x86_64] ==> ignore
    arg [-macosx_version_min] ==> ignore
    arg [10.8.0] ==> ignore
    arg [-o] ==> ignore
    arg [cmTryCompileExec3627549572] ==> ignore
    arg [-search_paths_first] ==> ignore
    arg [-headerpad_max_install_names] ==> ignore
    arg [CMakeFiles/cmTryCompileExec3627549572.dir/CMakeCCompilerABI.c.o] ==> ignore
    arg [-lSystem] ==> lib [System]
    arg [/usr/bin/../lib/clang/4.1/lib/darwin/libclang_rt.osx.a] ==> lib [/usr/bin/../lib/clang/4.1/lib/darwin/libclang_rt.osx.a]
  remove lib [System]
  implicit libs: [/usr/bin/../lib/clang/4.1/lib/darwin/libclang_rt.osx.a]
  implicit dirs: []


Determining if the CXX compiler works passed with the following output:
Change Dir: /Users/new/serpico/programs/fdflimmotion/build/CMakeFiles/CMakeTmp

Run Build Command:/usr/bin/make "cmTryCompileExec1294545145/fast"
/usr/bin/make -f CMakeFiles/cmTryCompileExec1294545145.dir/build.make CMakeFiles/cmTryCompileExec1294545145.dir/build
"/Applications/CMake 2.8-10.app/Contents/bin/cmake" -E cmake_progress_report /Users/new/serpico/programs/fdflimmotion/build/CMakeFiles/CMakeTmp/CMakeFiles 1
Building CXX object CMakeFiles/cmTryCompileExec1294545145.dir/testCXXCompiler.cxx.o
/usr/bin/c++     -o CMakeFiles/cmTryCompileExec1294545145.dir/testCXXCompiler.cxx.o -c /Users/new/serpico/programs/fdflimmotion/build/CMakeFiles/CMakeTmp/testCXXCompiler.cxx
Linking CXX executable cmTryCompileExec1294545145
"/Applications/CMake 2.8-10.app/Contents/bin/cmake" -E cmake_link_script CMakeFiles/cmTryCompileExec1294545145.dir/link.txt --verbose=1
/usr/bin/c++       -Wl,-search_paths_first -Wl,-headerpad_max_install_names   CMakeFiles/cmTryCompileExec1294545145.dir/testCXXCompiler.cxx.o  -o cmTryCompileExec1294545145  


Detecting CXX compiler ABI info compiled with the following output:
Change Dir: /Users/new/serpico/programs/fdflimmotion/build/CMakeFiles/CMakeTmp

Run Build Command:/usr/bin/make "cmTryCompileExec980816780/fast"
/usr/bin/make -f CMakeFiles/cmTryCompileExec980816780.dir/build.make CMakeFiles/cmTryCompileExec980816780.dir/build
"/Applications/CMake 2.8-10.app/Contents/bin/cmake" -E cmake_progress_report /Users/new/serpico/programs/fdflimmotion/build/CMakeFiles/CMakeTmp/CMakeFiles 1
Building CXX object CMakeFiles/cmTryCompileExec980816780.dir/CMakeCXXCompilerABI.cpp.o
/usr/bin/c++     -o CMakeFiles/cmTryCompileExec980816780.dir/CMakeCXXCompilerABI.cpp.o -c "/Applications/CMake 2.8-10.app/Contents/share/cmake-2.8/Modules/CMakeCXXCompilerABI.cpp"
Linking CXX executable cmTryCompileExec980816780
"/Applications/CMake 2.8-10.app/Contents/bin/cmake" -E cmake_link_script CMakeFiles/cmTryCompileExec980816780.dir/link.txt --verbose=1
/usr/bin/c++       -Wl,-search_paths_first -Wl,-headerpad_max_install_names -v CMakeFiles/cmTryCompileExec980816780.dir/CMakeCXXCompilerABI.cpp.o  -o cmTryCompileExec980816780   
Apple clang version 4.1 (tags/Apple/clang-421.11.66) (based on LLVM 3.1svn)
Target: x86_64-apple-darwin12.2.0
Thread model: posix
 "/usr/bin/ld" -demangle -dynamic -arch x86_64 -macosx_version_min 10.8.0 -o cmTryCompileExec980816780 -search_paths_first -headerpad_max_install_names CMakeFiles/cmTryCompileExec980816780.dir/CMakeCXXCompilerABI.cpp.o -lstdc++ -lSystem /usr/bin/../lib/clang/4.1/lib/darwin/libclang_rt.osx.a


Parsed CXX implicit link information from above output:
  link line regex: [^( *|.*[/\])(ld|ld|collect2)[^/\]*( |$)]
  ignore line: [Change Dir: /Users/new/serpico/programs/fdflimmotion/build/CMakeFiles/CMakeTmp]
  ignore line: []
  ignore line: [Run Build Command:/usr/bin/make "cmTryCompileExec980816780/fast"]
  ignore line: [/usr/bin/make -f CMakeFiles/cmTryCompileExec980816780.dir/build.make CMakeFiles/cmTryCompileExec980816780.dir/build]
  ignore line: ["/Applications/CMake 2.8-10.app/Contents/bin/cmake" -E cmake_progress_report /Users/new/serpico/programs/fdflimmotion/build/CMakeFiles/CMakeTmp/CMakeFiles 1]
  ignore line: [Building CXX object CMakeFiles/cmTryCompileExec980816780.dir/CMakeCXXCompilerABI.cpp.o]
  ignore line: [/usr/bin/c++     -o CMakeFiles/cmTryCompileExec980816780.dir/CMakeCXXCompilerABI.cpp.o -c "/Applications/CMake 2.8-10.app/Contents/share/cmake-2.8/Modules/CMakeCXXCompilerABI.cpp"]
  ignore line: [Linking CXX executable cmTryCompileExec980816780]
  ignore line: ["/Applications/CMake 2.8-10.app/Contents/bin/cmake" -E cmake_link_script CMakeFiles/cmTryCompileExec980816780.dir/link.txt --verbose=1]
  ignore line: [/usr/bin/c++       -Wl,-search_paths_first -Wl,-headerpad_max_install_names -v CMakeFiles/cmTryCompileExec980816780.dir/CMakeCXXCompilerABI.cpp.o  -o cmTryCompileExec980816780   ]
  ignore line: [Apple clang version 4.1 (tags/Apple/clang-421.11.66) (based on LLVM 3.1svn)]
  ignore line: [Target: x86_64-apple-darwin12.2.0]
  ignore line: [Thread model: posix]
  link line: [ "/usr/bin/ld" -demangle -dynamic -arch x86_64 -macosx_version_min 10.8.0 -o cmTryCompileExec980816780 -search_paths_first -headerpad_max_install_names CMakeFiles/cmTryCompileExec980816780.dir/CMakeCXXCompilerABI.cpp.o -lstdc++ -lSystem /usr/bin/../lib/clang/4.1/lib/darwin/libclang_rt.osx.a]
    arg [/usr/bin/ld] ==> ignore
    arg [-demangle] ==> ignore
    arg [-dynamic] ==> ignore
    arg [-arch] ==> ignore
    arg [x86_64] ==> ignore
    arg [-macosx_version_min] ==> ignore
    arg [10.8.0] ==> ignore
    arg [-o] ==> ignore
    arg [cmTryCompileExec980816780] ==> ignore
    arg [-search_paths_first] ==> ignore
    arg [-headerpad_max_install_names] ==> ignore
    arg [CMakeFiles/cmTryCompileExec980816780.dir/CMakeCXXCompilerABI.cpp.o] ==> ignore
    arg [-lstdc++] ==> lib [stdc++]
    arg [-lSystem] ==> lib [System]
    arg [/usr/bin/../lib/clang/4.1/lib/darwin/libclang_rt.osx.a] ==> lib [/usr/bin/../lib/clang/4.1/lib/darwin/libclang_rt.osx.a]
  remove lib [System]
  implicit libs: [stdc++;/usr/bin/../lib/clang/4.1/lib/darwin/libclang_rt.osx.a]
  implicit dirs: []


Determining if the function XOpenDisplay exists in the /opt/local/lib/libX11.dylib;/opt/local/lib/libXext.dylib passed with the following output:
Change Dir: /Users/new/serpico/programs/fdflimmotion/build/CMakeFiles/CMakeTmp

Run Build Command:/usr/bin/make "cmTryCompileExec1602953190/fast"
/usr/bin/make -f CMakeFiles/cmTryCompileExec1602953190.dir/build.make CMakeFiles/cmTryCompileExec1602953190.dir/build
"/Applications/CMake 2.8-10.app/Contents/bin/cmake" -E cmake_progress_report /Users/new/serpico/programs/fdflimmotion/build/CMakeFiles/CMakeTmp/CMakeFiles 1
Building C object CMakeFiles/cmTryCompileExec1602953190.dir/CheckFunctionExists.c.o
/usr/bin/cc   -w -Dcimg_use_vt100  -DCHECK_FUNCTION_EXISTS=XOpenDisplay   -o CMakeFiles/cmTryCompileExec1602953190.dir/CheckFunctionExists.c.o   -c "/Applications/CMake 2.8-10.app/Contents/share/cmake-2.8/Modules/CheckFunctionExists.c"
Linking C executable cmTryCompileExec1602953190
"/Applications/CMake 2.8-10.app/Contents/bin/cmake" -E cmake_link_script CMakeFiles/cmTryCompileExec1602953190.dir/link.txt --verbose=1
/usr/bin/cc    -w -Dcimg_use_vt100  -DCHECK_FUNCTION_EXISTS=XOpenDisplay -Wl,-search_paths_first -Wl,-headerpad_max_install_names   CMakeFiles/cmTryCompileExec1602953190.dir/CheckFunctionExists.c.o  -o cmTryCompileExec1602953190  -L/opt/local/lib  /opt/local/lib/libX11.dylib /opt/local/lib/libXext.dylib 


Determining if the function gethostbyname exists passed with the following output:
Change Dir: /Users/new/serpico/programs/fdflimmotion/build/CMakeFiles/CMakeTmp

Run Build Command:/usr/bin/make "cmTryCompileExec1664419135/fast"
/usr/bin/make -f CMakeFiles/cmTryCompileExec1664419135.dir/build.make CMakeFiles/cmTryCompileExec1664419135.dir/build
"/Applications/CMake 2.8-10.app/Contents/bin/cmake" -E cmake_progress_report /Users/new/serpico/programs/fdflimmotion/build/CMakeFiles/CMakeTmp/CMakeFiles 1
Building C object CMakeFiles/cmTryCompileExec1664419135.dir/CheckFunctionExists.c.o
/usr/bin/cc   -w -Dcimg_use_vt100  -DCHECK_FUNCTION_EXISTS=gethostbyname   -o CMakeFiles/cmTryCompileExec1664419135.dir/CheckFunctionExists.c.o   -c "/Applications/CMake 2.8-10.app/Contents/share/cmake-2.8/Modules/CheckFunctionExists.c"
Linking C executable cmTryCompileExec1664419135
"/Applications/CMake 2.8-10.app/Contents/bin/cmake" -E cmake_link_script CMakeFiles/cmTryCompileExec1664419135.dir/link.txt --verbose=1
/usr/bin/cc    -w -Dcimg_use_vt100  -DCHECK_FUNCTION_EXISTS=gethostbyname -Wl,-search_paths_first -Wl,-headerpad_max_install_names   CMakeFiles/cmTryCompileExec1664419135.dir/CheckFunctionExists.c.o  -o cmTryCompileExec1664419135  


Determining if the function connect exists passed with the following output:
Change Dir: /Users/new/serpico/programs/fdflimmotion/build/CMakeFiles/CMakeTmp

Run Build Command:/usr/bin/make "cmTryCompileExec2784172373/fast"
/usr/bin/make -f CMakeFiles/cmTryCompileExec2784172373.dir/build.make CMakeFiles/cmTryCompileExec2784172373.dir/build
"/Applications/CMake 2.8-10.app/Contents/bin/cmake" -E cmake_progress_report /Users/new/serpico/programs/fdflimmotion/build/CMakeFiles/CMakeTmp/CMakeFiles 1
Building C object CMakeFiles/cmTryCompileExec2784172373.dir/CheckFunctionExists.c.o
/usr/bin/cc   -w -Dcimg_use_vt100  -DCHECK_FUNCTION_EXISTS=connect   -o CMakeFiles/cmTryCompileExec2784172373.dir/CheckFunctionExists.c.o   -c "/Applications/CMake 2.8-10.app/Contents/share/cmake-2.8/Modules/CheckFunctionExists.c"
Linking C executable cmTryCompileExec2784172373
"/Applications/CMake 2.8-10.app/Contents/bin/cmake" -E cmake_link_script CMakeFiles/cmTryCompileExec2784172373.dir/link.txt --verbose=1
/usr/bin/cc    -w -Dcimg_use_vt100  -DCHECK_FUNCTION_EXISTS=connect -Wl,-search_paths_first -Wl,-headerpad_max_install_names   CMakeFiles/cmTryCompileExec2784172373.dir/CheckFunctionExists.c.o  -o cmTryCompileExec2784172373  


Determining if the function remove exists passed with the following output:
Change Dir: /Users/new/serpico/programs/fdflimmotion/build/CMakeFiles/CMakeTmp

Run Build Command:/usr/bin/make "cmTryCompileExec1108436492/fast"
/usr/bin/make -f CMakeFiles/cmTryCompileExec1108436492.dir/build.make CMakeFiles/cmTryCompileExec1108436492.dir/build
"/Applications/CMake 2.8-10.app/Contents/bin/cmake" -E cmake_progress_report /Users/new/serpico/programs/fdflimmotion/build/CMakeFiles/CMakeTmp/CMakeFiles 1
Building C object CMakeFiles/cmTryCompileExec1108436492.dir/CheckFunctionExists.c.o
/usr/bin/cc   -w -Dcimg_use_vt100  -DCHECK_FUNCTION_EXISTS=remove   -o CMakeFiles/cmTryCompileExec1108436492.dir/CheckFunctionExists.c.o   -c "/Applications/CMake 2.8-10.app/Contents/share/cmake-2.8/Modules/CheckFunctionExists.c"
Linking C executable cmTryCompileExec1108436492
"/Applications/CMake 2.8-10.app/Contents/bin/cmake" -E cmake_link_script CMakeFiles/cmTryCompileExec1108436492.dir/link.txt --verbose=1
/usr/bin/cc    -w -Dcimg_use_vt100  -DCHECK_FUNCTION_EXISTS=remove -Wl,-search_paths_first -Wl,-headerpad_max_install_names   CMakeFiles/cmTryCompileExec1108436492.dir/CheckFunctionExists.c.o  -o cmTryCompileExec1108436492  


Determining if the function shmat exists passed with the following output:
Change Dir: /Users/new/serpico/programs/fdflimmotion/build/CMakeFiles/CMakeTmp

Run Build Command:/usr/bin/make "cmTryCompileExec2030079854/fast"
/usr/bin/make -f CMakeFiles/cmTryCompileExec2030079854.dir/build.make CMakeFiles/cmTryCompileExec2030079854.dir/build
"/Applications/CMake 2.8-10.app/Contents/bin/cmake" -E cmake_progress_report /Users/new/serpico/programs/fdflimmotion/build/CMakeFiles/CMakeTmp/CMakeFiles 1
Building C object CMakeFiles/cmTryCompileExec2030079854.dir/CheckFunctionExists.c.o
/usr/bin/cc   -w -Dcimg_use_vt100  -DCHECK_FUNCTION_EXISTS=shmat   -o CMakeFiles/cmTryCompileExec2030079854.dir/CheckFunctionExists.c.o   -c "/Applications/CMake 2.8-10.app/Contents/share/cmake-2.8/Modules/CheckFunctionExists.c"
Linking C executable cmTryCompileExec2030079854
"/Applications/CMake 2.8-10.app/Contents/bin/cmake" -E cmake_link_script CMakeFiles/cmTryCompileExec2030079854.dir/link.txt --verbose=1
/usr/bin/cc    -w -Dcimg_use_vt100  -DCHECK_FUNCTION_EXISTS=shmat -Wl,-search_paths_first -Wl,-headerpad_max_install_names   CMakeFiles/cmTryCompileExec2030079854.dir/CheckFunctionExists.c.o  -o cmTryCompileExec2030079854  


Determining if the function IceConnectionNumber exists in the ICE passed with the following output:
Change Dir: /Users/new/serpico/programs/fdflimmotion/build/CMakeFiles/CMakeTmp

Run Build Command:/usr/bin/make "cmTryCompileExec3943642949/fast"
/usr/bin/make -f CMakeFiles/cmTryCompileExec3943642949.dir/build.make CMakeFiles/cmTryCompileExec3943642949.dir/build
"/Applications/CMake 2.8-10.app/Contents/bin/cmake" -E cmake_progress_report /Users/new/serpico/programs/fdflimmotion/build/CMakeFiles/CMakeTmp/CMakeFiles 1
Building C object CMakeFiles/cmTryCompileExec3943642949.dir/CheckFunctionExists.c.o
/usr/bin/cc   -w -Dcimg_use_vt100  -DCHECK_FUNCTION_EXISTS=IceConnectionNumber   -o CMakeFiles/cmTryCompileExec3943642949.dir/CheckFunctionExists.c.o   -c "/Applications/CMake 2.8-10.app/Contents/share/cmake-2.8/Modules/CheckFunctionExists.c"
Linking C executable cmTryCompileExec3943642949
"/Applications/CMake 2.8-10.app/Contents/bin/cmake" -E cmake_link_script CMakeFiles/cmTryCompileExec3943642949.dir/link.txt --verbose=1
/usr/bin/cc    -w -Dcimg_use_vt100  -DCHECK_FUNCTION_EXISTS=IceConnectionNumber -Wl,-search_paths_first -Wl,-headerpad_max_install_names   CMakeFiles/cmTryCompileExec3943642949.dir/CheckFunctionExists.c.o  -o cmTryCompileExec3943642949  -L/opt/local/lib  -lICE 


